#
# There is insufficient memory for the Java Runtime Environment to continue.
# Native memory allocation (mmap) failed to map 269484032 bytes for Failed to commit area from 0x0000000094600000 to 0x00000000a4700000 of length 269484032.
# Possible reasons:
#   The system is out of physical RAM or swap space
#   The process is running with CompressedOops enabled, and the Java Heap may be blocking the growth of the native heap
# Possible solutions:
#   Reduce memory load on the system
#   Increase physical memory or swap space
#   Check if swap backing store is full
#   Decrease Java heap size (-Xmx/-Xms)
#   Decrease number of Java threads
#   Decrease Java thread stack sizes (-Xss)
#   Set larger code cache with -XX:ReservedCodeCacheSize=
#   JVM is running with Unscaled Compressed Oops mode in which the Java heap is
#     placed in the first 4GB address space. The Java Heap base address is the
#     maximum limit for the native heap growth. Please use -XX:HeapBaseMinAddress
#     to set the Java Heap base and to place the Java Heap above 4GB virtual address.
# This output file may be truncated or incomplete.
#
#  Out of Memory Error (t:/workspace/open/src/hotspot/os/windows/os_windows.cpp:3254), pid=7604, tid=4236
#
# JRE version: OpenJDK Runtime Environment (12.0+33) (build 12+33)
# Java VM: OpenJDK 64-Bit Server VM (12+33, mixed mode, sharing, tiered, compressed oops, g1 gc, windows-amd64)
# No core dump will be written. Minidumps are not enabled by default on client versions of Windows
#

---------------  S U M M A R Y ------------

Command Line: -Dmaven.multiModuleProjectDirectory=D:\IdeaProjects\web\servlet -Dmaven.home=D:\applications\apache-maven-3.6.0 -Dclassworlds.conf=D:\applications\apache-maven-3.6.0\bin\m2.conf -javaagent:D:\applications\ideaIU-2018.3.6.win\lib\idea_rt.jar=49334:D:\applications\ideaIU-2018.3.6.win\bin -Dfile.encoding=UTF-8 org.codehaus.classworlds.Launcher -Didea.version=2018.3.6 -s D:\applications\apache-maven-3.6.0\conf\settings.xml org.eclipse.jetty:jetty-maven-plugin:9.4.15.v20190215:run

Host: Intel(R) Core(TM) i5-5257U CPU @ 2.70GHz, 2 cores, 7G,  Windows 10 , 64 bit Build 17133 (10.0.17133.1)
Time: Mon May 27 17:12:54 2019 ?D1¨²¡À¨º¡Á?¨º¡À?? elapsed time: 98 seconds (0d 0h 1m 38s)

---------------  T H R E A D  ---------------

Current thread (0x000002a59b704800):  JavaThread "qtp38179269-20" [_thread_in_vm, id=4236, stack(0x000000d8b7900000,0x000000d8b7a00000)]

Stack: [0x000000d8b7900000,0x000000d8b7a00000]
Native frames: (J=compiled Java code, j=interpreted, Vv=VM code, C=native code)
V  [jvm.dll+0x63918a]
V  [jvm.dll+0x78b0df]
V  [jvm.dll+0x78c781]
V  [jvm.dll+0x78cdd3]
V  [jvm.dll+0x261f68]
V  [jvm.dll+0x63668a]
V  [jvm.dll+0x62b205]
V  [jvm.dll+0x31d8ec]
V  [jvm.dll+0x31d71f]
V  [jvm.dll+0x323456]
V  [jvm.dll+0x370f06]
V  [jvm.dll+0x3706e0]
V  [jvm.dll+0x2f7f1c]
V  [jvm.dll+0x2f36af]
V  [jvm.dll+0x5cfa32]
V  [jvm.dll+0x5cf4cb]
V  [jvm.dll+0x209b9d]
V  [jvm.dll+0x763c17]
V  [jvm.dll+0x69fb66]
C  0x000002a588383ba9

Java frames: (J=compiled Java code, j=interpreted, Vv=VM code)
v  ~RuntimeStub::_new_array_nozero_Java
J 6609% c2 org.eclipse.jetty.util.MultiPartInputStreamParser.parse()V (1552 bytes) @ 0x000002a5900b7a8c [0x000002a5900b7580+0x000000000000050c]
j  org.eclipse.jetty.util.MultiPartInputStreamParser.getParts()Ljava/util/Collection;+8
j  org.eclipse.jetty.server.MultiParts$MultiPartsUtilParser.<init>(Ljava/io/InputStream;Ljava/lang/String;Ljavax/servlet/MultipartConfigElement;Ljava/io/File;Lorg/eclipse/jetty/server/Request;)V+33
j  org.eclipse.jetty.server.Request.newMultiParts(Ljavax/servlet/ServletInputStream;Ljava/lang/String;Ljavax/servlet/MultipartConfigElement;Ljava/lang/Object;)Lorg/eclipse/jetty/server/MultiParts;+164
j  org.eclipse.jetty.server.Request.getParts(Lorg/eclipse/jetty/util/MultiMap;)Ljava/util/Collection;+88
j  org.eclipse.jetty.server.Request.getParts()Ljava/util/Collection;+37
j  cn.edu.ecut.servlet.request.MultipleUploadServlet.doPost(Ljavax/servlet/http/HttpServletRequest;Ljavax/servlet/http/HttpServletResponse;)V+1
j  javax.servlet.http.HttpServlet.service(Ljavax/servlet/http/HttpServletRequest;Ljavax/servlet/http/HttpServletResponse;)V+131
j  javax.servlet.http.HttpServlet.service(Ljavax/servlet/ServletRequest;Ljavax/servlet/ServletResponse;)V+39
j  org.eclipse.jetty.servlet.ServletHolder.handle(Lorg/eclipse/jetty/server/Request;Ljavax/servlet/ServletRequest;Ljavax/servlet/ServletResponse;)V+97
j  org.eclipse.jetty.servlet.ServletHandler$CachedChain.doFilter(Ljavax/servlet/ServletRequest;Ljavax/servlet/ServletResponse;)V+214
j  org.eclipse.jetty.websocket.server.WebSocketUpgradeFilter.doFilter(Ljavax/servlet/ServletRequest;Ljavax/servlet/ServletResponse;Ljavax/servlet/FilterChain;)V+117
j  org.eclipse.jetty.servlet.ServletHandler$CachedChain.doFilter(Ljavax/servlet/ServletRequest;Ljavax/servlet/ServletResponse;)V+126
j  org.eclipse.jetty.servlet.ServletHandler.doHandle(Ljava/lang/String;Lorg/eclipse/jetty/server/Request;Ljavax/servlet/http/HttpServletRequest;Ljavax/servlet/http/HttpServletResponse;)V+194
j  org.eclipse.jetty.server.handler.ScopedHandler.handle(Ljava/lang/String;Lorg/eclipse/jetty/server/Request;Ljavax/servlet/http/HttpServletRequest;Ljavax/servlet/http/HttpServletResponse;)V+32
j  org.eclipse.jetty.security.SecurityHandler.handle(Ljava/lang/String;Lorg/eclipse/jetty/server/Request;Ljavax/servlet/http/HttpServletRequest;Ljavax/servlet/http/HttpServletResponse;)V+553
j  org.eclipse.jetty.server.handler.HandlerWrapper.handle(Ljava/lang/String;Lorg/eclipse/jetty/server/Request;Ljavax/servlet/http/HttpServletRequest;Ljavax/servlet/http/HttpServletResponse;)V+18
j  org.eclipse.jetty.server.handler.ScopedHandler.nextHandle(Ljava/lang/String;Lorg/eclipse/jetty/server/Request;Ljavax/servlet/http/HttpServletRequest;Ljavax/servlet/http/HttpServletResponse;)V+46
j  org.eclipse.jetty.server.session.SessionHandler.doHandle(Ljava/lang/String;Lorg/eclipse/jetty/server/Request;Ljavax/servlet/http/HttpServletRequest;Ljavax/servlet/http/HttpServletResponse;)V+6
j  org.eclipse.jetty.server.handler.ScopedHandler.nextHandle(Ljava/lang/String;Lorg/eclipse/jetty/server/Request;Ljavax/servlet/http/HttpServletRequest;Ljavax/servlet/http/HttpServletResponse;)V+27
j  org.eclipse.jetty.server.handler.ContextHandler.doHandle(Ljava/lang/String;Lorg/eclipse/jetty/server/Request;Ljavax/servlet/http/HttpServletRequest;Ljavax/servlet/http/HttpServletResponse;)V+141
j  org.eclipse.jetty.server.handler.ScopedHandler.nextScope(Ljava/lang/String;Lorg/eclipse/jetty/server/Request;Ljavax/servlet/http/HttpServletRequest;Ljavax/servlet/http/HttpServletResponse;)V+38
j  org.eclipse.jetty.servlet.ServletHandler.doScope(Ljava/lang/String;Lorg/eclipse/jetty/server/Request;Ljavax/servlet/http/HttpServletRequest;Ljavax/servlet/http/HttpServletResponse;)V+188
j  org.eclipse.jetty.server.session.SessionHandler.doScope(Ljava/lang/String;Lorg/eclipse/jetty/server/Request;Ljavax/servlet/http/HttpServletRequest;Ljavax/servlet/http/HttpServletResponse;)V+191
j  org.eclipse.jetty.server.handler.ScopedHandler.nextScope(Ljava/lang/String;Lorg/eclipse/jetty/server/Request;Ljavax/servlet/http/HttpServletRequest;Ljavax/servlet/http/HttpServletResponse;)V+16
j  org.eclipse.jetty.server.handler.ContextHandler.doScope(Ljava/lang/String;Lorg/eclipse/jetty/server/Request;Ljavax/servlet/http/HttpServletRequest;Ljavax/servlet/http/HttpServletResponse;)V+426
j  org.eclipse.jetty.server.handler.ScopedHandler.handle(Ljava/lang/String;Lorg/eclipse/jetty/server/Request;Ljavax/servlet/http/HttpServletRequest;Ljavax/servlet/http/HttpServletResponse;)V+20
j  org.eclipse.jetty.server.handler.ContextHandlerCollection.handle(Ljava/lang/String;Lorg/eclipse/jetty/server/Request;Ljavax/servlet/http/HttpServletRequest;Ljavax/servlet/http/HttpServletResponse;)V+224
j  org.eclipse.jetty.server.handler.HandlerCollection.handle(Ljava/lang/String;Lorg/eclipse/jetty/server/Request;Ljavax/servlet/http/HttpServletRequest;Ljavax/servlet/http/HttpServletResponse;)V+42
j  org.eclipse.jetty.server.handler.HandlerWrapper.handle(Ljava/lang/String;Lorg/eclipse/jetty/server/Request;Ljavax/servlet/http/HttpServletRequest;Ljavax/servlet/http/HttpServletResponse;)V+18
j  org.eclipse.jetty.server.Server.handle(Lorg/eclipse/jetty/server/HttpChannel;)V+141
j  org.eclipse.jetty.server.HttpChannel.handle()Z+332
j  org.eclipse.jetty.server.HttpConnection.onFillable()V+137
j  org.eclipse.jetty.io.AbstractConnection$ReadCallback.succeeded()V+4
j  org.eclipse.jetty.io.FillInterest.fillable()Z+57
j  org.eclipse.jetty.io.ChannelEndPoint$2.run()V+7
j  org.eclipse.jetty.util.thread.strategy.EatWhatYouKill.runTask(Ljava/lang/Runnable;)V+1
j  org.eclipse.jetty.util.thread.strategy.EatWhatYouKill.doProduce(Z)Z+507
j  org.eclipse.jetty.util.thread.strategy.EatWhatYouKill.tryProduce(Z)V+134
j  org.eclipse.jetty.util.thread.strategy.EatWhatYouKill.produce()V+2
j  org.eclipse.jetty.io.ManagedSelector$$Lambda$303.run()V+4
j  org.eclipse.jetty.util.thread.QueuedThreadPool.runJob(Ljava/lang/Runnable;)V+1
j  org.eclipse.jetty.util.thread.QueuedThreadPool$2.run()V+104
j  java.lang.Thread.run()V+11 java.base@12
v  ~StubRoutines::call_stub

---------------  P R O C E S S  ---------------

Threads class SMR info:
_java_thread_list=0x000002a59f6a7d00, length=20, elements={
0x000002a5fa23f800, 0x000002a5feecf800, 0x000002a5feed3800, 0x000002a5feef3800,
0x000002a5feef4800, 0x000002a5feef6800, 0x000002a59b33a000, 0x000002a59b33b800,
0x000002a5feeb8000, 0x000002a59b488000, 0x000002a59b489000, 0x000002a59bd96800,
0x000002a59daf7800, 0x000002a59be56000, 0x000002a59d217000, 0x000002a59c657800,
0x000002a59b704800, 0x000002a59c7b7800, 0x000002a59ea33800, 0x000002a59c6fc800
}

Java Threads: ( => current thread )
  0x000002a5fa23f800 JavaThread "main" [_thread_blocked, id=7976, stack(0x000000d8b6100000,0x000000d8b6200000)]
  0x000002a5feecf800 JavaThread "Reference Handler" daemon [_thread_blocked, id=4364, stack(0x000000d8b6800000,0x000000d8b6900000)]
  0x000002a5feed3800 JavaThread "Finalizer" daemon [_thread_blocked, id=880, stack(0x000000d8b6900000,0x000000d8b6a00000)]
  0x000002a5feef3800 JavaThread "Signal Dispatcher" daemon [_thread_blocked, id=1968, stack(0x000000d8b6a00000,0x000000d8b6b00000)]
  0x000002a5feef4800 JavaThread "Attach Listener" daemon [_thread_blocked, id=6384, stack(0x000000d8b6b00000,0x000000d8b6c00000)]
  0x000002a5feef6800 JavaThread "C2 CompilerThread0" daemon [_thread_blocked, id=4356, stack(0x000000d8b6c00000,0x000000d8b6d00000)]
  0x000002a59b33a000 JavaThread "C1 CompilerThread0" daemon [_thread_blocked, id=7708, stack(0x000000d8b6d00000,0x000000d8b6e00000)]
  0x000002a59b33b800 JavaThread "Sweeper thread" daemon [_thread_blocked, id=1628, stack(0x000000d8b6e00000,0x000000d8b6f00000)]
  0x000002a5feeb8000 JavaThread "Common-Cleaner" daemon [_thread_blocked, id=2060, stack(0x000000d8b6f00000,0x000000d8b7000000)]
  0x000002a59b488000 JavaThread "Monitor Ctrl-Break" daemon [_thread_in_native, id=8020, stack(0x000000d8b7000000,0x000000d8b7100000)]
  0x000002a59b489000 JavaThread "Service Thread" daemon [_thread_blocked, id=8052, stack(0x000000d8b7100000,0x000000d8b7200000)]
  0x000002a59bd96800 JavaThread "qtp38179269-15" [_thread_in_native, id=1572, stack(0x000000d8b7400000,0x000000d8b7500000)]
  0x000002a59daf7800 JavaThread "qtp38179269-16" [_thread_blocked, id=6212, stack(0x000000d8b7500000,0x000000d8b7600000)]
  0x000002a59be56000 JavaThread "qtp38179269-17" [_thread_blocked, id=4440, stack(0x000000d8b7600000,0x000000d8b7700000)]
  0x000002a59d217000 JavaThread "qtp38179269-18" [_thread_blocked, id=7084, stack(0x000000d8b7700000,0x000000d8b7800000)]
  0x000002a59c657800 JavaThread "qtp38179269-19" [_thread_blocked, id=6228, stack(0x000000d8b7800000,0x000000d8b7900000)]
=>0x000002a59b704800 JavaThread "qtp38179269-20" [_thread_in_vm, id=4236, stack(0x000000d8b7900000,0x000000d8b7a00000)]
  0x000002a59c7b7800 JavaThread "qtp38179269-21-acceptor-0@6082ae1a-ServerConnector@66e1b2a{HTTP/1.1,[http/1.1]}{0.0.0.0:8080}" [_thread_in_native, id=4324, stack(0x000000d8b7a00000,0x000000d8b7b00000)]
  0x000002a59ea33800 JavaThread "qtp38179269-22" [_thread_blocked, id=6920, stack(0x000000d8b7b00000,0x000000d8b7c00000)]
  0x000002a59c6fc800 JavaThread "Scheduler-1196877260" [_thread_blocked, id=4332, stack(0x000000d8b7c00000,0x000000d8b7d00000)]

Other Threads:
  0x000002a5feecd000 VMThread "VM Thread" [stack: 0x000000d8b6700000,0x000000d8b6800000] [id=7896]
  0x000002a59b492000 WatcherThread [stack: 0x000000d8b7200000,0x000000d8b7300000] [id=5792]
  0x000002a5fa27f800 GCTaskThread "GC Thread#0" [stack: 0x000000d8b6200000,0x000000d8b6300000] [id=7964]
  0x000002a59b880000 GCTaskThread "GC Thread#1" [stack: 0x000000d8b7300000,0x000000d8b7400000] [id=7252]
  0x000002a5fa28d000 ConcurrentGCThread "G1 Main Marker" [stack: 0x000000d8b6300000,0x000000d8b6400000] [id=2296]
  0x000002a5fa28f800 ConcurrentGCThread "G1 Conc#0" [stack: 0x000000d8b6400000,0x000000d8b6500000] [id=5708]
  0x000002a5fed50800 ConcurrentGCThread "G1 Refine#0" [stack: 0x000000d8b6500000,0x000000d8b6600000] [id=7848]
  0x000002a5fa305800 ConcurrentGCThread "G1 Young RemSet Sampling" [stack: 0x000000d8b6600000,0x000000d8b6700000] [id=5248]

Threads with active compile tasks:

VM state:not at safepoint (normal execution)

VM Mutex/Monitor currently owned by a thread:  ([mutex/lock_event])
[0x000002a5fa23de00] Heap_lock - owner thread: 0x000002a59b704800

Heap address: 0x0000000080400000, size: 2044 MB, Compressed Oops mode: 32-bit
Narrow klass base: 0x0000000800000000, Narrow klass shift: 3
Compressed class space size: 1073741824 Address: 0x00000008011a0000

Heap:
 garbage-first heap   total 567296K, used 297445K [0x0000000080400000, 0x0000000100000000)
  region size 1024K, 7 young (7168K), 2 survivors (2048K)
 Metaspace       used 35105K, capacity 36060K, committed 36348K, reserved 1081344K
  class space    used 3934K, capacity 4270K, committed 4348K, reserved 1048576K
Heap Regions: E=young(eden), S=young(survivor), O=old, HS=humongous(starts), HC=humongous(continues), CS=collection set, F=free, A=archive, TAMS=top-at-mark-start (previous, next)
|   0|0x0000000080400000, 0x0000000080500000, 0x0000000080500000|100%| O|  |TAMS 0x0000000080500000, 0x0000000080400000| Untracked 
|   1|0x0000000080500000, 0x0000000080600000, 0x0000000080600000|100%| O|  |TAMS 0x0000000080600000, 0x0000000080500000| Untracked 
|   2|0x0000000080600000, 0x0000000080700000, 0x0000000080700000|100%| O|  |TAMS 0x0000000080700000, 0x0000000080600000| Complete 
|   3|0x0000000080700000, 0x0000000080800000, 0x0000000080800000|100%|HS|  |TAMS 0x0000000080700000, 0x0000000080700000| Complete 
|   4|0x0000000080800000, 0x0000000080900000, 0x0000000080900000|100%| O|  |TAMS 0x0000000080900000, 0x0000000080800000| Untracked 
|   5|0x0000000080900000, 0x0000000080a00000, 0x0000000080a00000|100%| O|  |TAMS 0x0000000080a00000, 0x0000000080900000| Complete 
|   6|0x0000000080a00000, 0x0000000080b00000, 0x0000000080b00000|100%| O|  |TAMS 0x0000000080b00000, 0x0000000080a00000| Complete 
|   7|0x0000000080b00000, 0x0000000080c00000, 0x0000000080c00000|100%| O|  |TAMS 0x0000000080c00000, 0x0000000080b00000| Untracked 
|   8|0x0000000080c00000, 0x0000000080d00000, 0x0000000080d00000|100%| O|  |TAMS 0x0000000080d00000, 0x0000000080c00000| Untracked 
|   9|0x0000000080d00000, 0x0000000080e00000, 0x0000000080e00000|100%| O|  |TAMS 0x0000000080e00000, 0x0000000080d00000| Untracked 
|  10|0x0000000080e00000, 0x0000000080f00000, 0x0000000080f00000|100%| O|  |TAMS 0x0000000080f00000, 0x0000000080e00000| Untracked 
|  11|0x0000000080f00000, 0x0000000081000000, 0x0000000081000000|100%| O|  |TAMS 0x0000000081000000, 0x0000000080f00000| Complete 
|  12|0x0000000081000000, 0x0000000081100000, 0x0000000081100000|100%| O|  |TAMS 0x0000000081100000, 0x0000000081000000| Complete 
|  13|0x0000000081100000, 0x0000000081200000, 0x0000000081200000|100%| O|  |TAMS 0x0000000081200000, 0x0000000081100000| Untracked 
|  14|0x0000000081200000, 0x0000000081300000, 0x0000000081300000|100%| O|  |TAMS 0x0000000081300000, 0x0000000081200000| Complete 
|  15|0x0000000081300000, 0x0000000081400000, 0x0000000081400000|100%| O|  |TAMS 0x0000000081400000, 0x0000000081300000| Complete 
|  16|0x0000000081400000, 0x0000000081500000, 0x0000000081500000|100%| O|  |TAMS 0x0000000081500000, 0x0000000081400000| Complete 
|  17|0x0000000081500000, 0x0000000081600000, 0x0000000081600000|100%| O|  |TAMS 0x0000000081600000, 0x0000000081500000| Untracked 
|  18|0x0000000081600000, 0x0000000081700000, 0x0000000081700000|100%| O|  |TAMS 0x0000000081700000, 0x0000000081600000| Complete 
|  19|0x0000000081700000, 0x0000000081800000, 0x0000000081800000|100%| O|  |TAMS 0x0000000081800000, 0x0000000081700000| Complete 
|  20|0x0000000081800000, 0x0000000081900000, 0x0000000081900000|100%| O|  |TAMS 0x0000000081900000, 0x0000000081800000| Untracked 
|  21|0x0000000081900000, 0x0000000081a00000, 0x0000000081a00000|100%| O|  |TAMS 0x0000000081a00000, 0x0000000081900000| Untracked 
|  22|0x0000000081a00000, 0x0000000081a27a00, 0x0000000081b00000| 15%| O|  |TAMS 0x0000000081a27a00, 0x0000000081a00000| Untracked 
|  23|0x0000000081b00000, 0x0000000081c00000, 0x0000000081c00000|100%|HS|  |TAMS 0x0000000081b00000, 0x0000000081b00000| Complete 
|  24|0x0000000081c00000, 0x0000000081d00000, 0x0000000081d00000|100%|HC|  |TAMS 0x0000000081c00000, 0x0000000081c00000| Complete 
|  25|0x0000000081d00000, 0x0000000081e00000, 0x0000000081e00000|100%|HS|  |TAMS 0x0000000081d00000, 0x0000000081d00000| Complete 
|  26|0x0000000081e00000, 0x0000000081f00000, 0x0000000081f00000|100%|HC|  |TAMS 0x0000000081e00000, 0x0000000081e00000| Complete 
|  27|0x0000000081f00000, 0x0000000082000000, 0x0000000082000000|100%|HC|  |TAMS 0x0000000081f00000, 0x0000000081f00000| Complete 
|  28|0x0000000082000000, 0x0000000082051b80, 0x0000000082100000| 31%| S|CS|TAMS 0x0000000082000000, 0x0000000082000000| Complete 
|  29|0x0000000082100000, 0x0000000082200000, 0x0000000082200000|100%| S|CS|TAMS 0x0000000082100000, 0x0000000082100000| Complete 
|  30|0x0000000082200000, 0x0000000082300000, 0x0000000082300000|100%|HS|  |TAMS 0x0000000082200000, 0x0000000082200000| Complete 
|  31|0x0000000082300000, 0x0000000082400000, 0x0000000082400000|100%|HC|  |TAMS 0x0000000082300000, 0x0000000082300000| Complete 
|  32|0x0000000082400000, 0x0000000082500000, 0x0000000082500000|100%|HC|  |TAMS 0x0000000082400000, 0x0000000082400000| Complete 
|  33|0x0000000082500000, 0x0000000082600000, 0x0000000082600000|100%|HC|  |TAMS 0x0000000082500000, 0x0000000082500000| Complete 
|  34|0x0000000082600000, 0x0000000082700000, 0x0000000082700000|100%|HC|  |TAMS 0x0000000082600000, 0x0000000082600000| Complete 
|  35|0x0000000082700000, 0x0000000082800000, 0x0000000082800000|100%|HS|  |TAMS 0x0000000082700000, 0x0000000082700000| Complete 
|  36|0x0000000082800000, 0x0000000082900000, 0x0000000082900000|100%|HC|  |TAMS 0x0000000082800000, 0x0000000082800000| Complete 
|  37|0x0000000082900000, 0x0000000082a00000, 0x0000000082a00000|100%|HC|  |TAMS 0x0000000082900000, 0x0000000082900000| Complete 
|  38|0x0000000082a00000, 0x0000000082b00000, 0x0000000082b00000|100%|HC|  |TAMS 0x0000000082a00000, 0x0000000082a00000| Complete 
|  39|0x0000000082b00000, 0x0000000082c00000, 0x0000000082c00000|100%|HC|  |TAMS 0x0000000082b00000, 0x0000000082b00000| Complete 
|  40|0x0000000082c00000, 0x0000000082d00000, 0x0000000082d00000|100%|HC|  |TAMS 0x0000000082c00000, 0x0000000082c00000| Complete 
|  41|0x0000000082d00000, 0x0000000082e00000, 0x0000000082e00000|100%|HC|  |TAMS 0x0000000082d00000, 0x0000000082d00000| Complete 
|  42|0x0000000082e00000, 0x0000000082f00000, 0x0000000082f00000|100%|HC|  |TAMS 0x0000000082e00000, 0x0000000082e00000| Complete 
|  43|0x0000000082f00000, 0x0000000083000000, 0x0000000083000000|100%|HC|  |TAMS 0x0000000082f00000, 0x0000000082f00000| Complete 
|  44|0x0000000083000000, 0x0000000083100000, 0x0000000083100000|100%|HS|  |TAMS 0x0000000083000000, 0x0000000083000000| Complete 
|  45|0x0000000083100000, 0x0000000083200000, 0x0000000083200000|100%|HC|  |TAMS 0x0000000083100000, 0x0000000083100000| Complete 
|  46|0x0000000083200000, 0x0000000083300000, 0x0000000083300000|100%|HC|  |TAMS 0x0000000083200000, 0x0000000083200000| Complete 
|  47|0x0000000083300000, 0x0000000083400000, 0x0000000083400000|100%|HC|  |TAMS 0x0000000083300000, 0x0000000083300000| Complete 
|  48|0x0000000083400000, 0x0000000083500000, 0x0000000083500000|100%|HC|  |TAMS 0x0000000083400000, 0x0000000083400000| Complete 
|  49|0x0000000083500000, 0x0000000083600000, 0x0000000083600000|100%|HC|  |TAMS 0x0000000083500000, 0x0000000083500000| Complete 
|  50|0x0000000083600000, 0x0000000083700000, 0x0000000083700000|100%|HC|  |TAMS 0x0000000083600000, 0x0000000083600000| Complete 
|  51|0x0000000083700000, 0x0000000083800000, 0x0000000083800000|100%|HC|  |TAMS 0x0000000083700000, 0x0000000083700000| Complete 
|  52|0x0000000083800000, 0x0000000083900000, 0x0000000083900000|100%|HC|  |TAMS 0x0000000083800000, 0x0000000083800000| Complete 
|  53|0x0000000083900000, 0x0000000083a00000, 0x0000000083a00000|100%|HC|  |TAMS 0x0000000083900000, 0x0000000083900000| Complete 
|  54|0x0000000083a00000, 0x0000000083b00000, 0x0000000083b00000|100%|HC|  |TAMS 0x0000000083a00000, 0x0000000083a00000| Complete 
|  55|0x0000000083b00000, 0x0000000083c00000, 0x0000000083c00000|100%|HC|  |TAMS 0x0000000083b00000, 0x0000000083b00000| Complete 
|  56|0x0000000083c00000, 0x0000000083d00000, 0x0000000083d00000|100%|HC|  |TAMS 0x0000000083c00000, 0x0000000083c00000| Complete 
|  57|0x0000000083d00000, 0x0000000083e00000, 0x0000000083e00000|100%|HC|  |TAMS 0x0000000083d00000, 0x0000000083d00000| Complete 
|  58|0x0000000083e00000, 0x0000000083f00000, 0x0000000083f00000|100%|HC|  |TAMS 0x0000000083e00000, 0x0000000083e00000| Complete 
|  59|0x0000000083f00000, 0x0000000084000000, 0x0000000084000000|100%|HC|  |TAMS 0x0000000083f00000, 0x0000000083f00000| Complete 
|  60|0x0000000084000000, 0x0000000084100000, 0x0000000084100000|100%|HC|  |TAMS 0x0000000084000000, 0x0000000084000000| Complete 
|  83|0x0000000085700000, 0x0000000085700000, 0x0000000085800000|  0%| F|  |TAMS 0x0000000085700000, 0x0000000085700000| Untracked 
|  84|0x0000000085800000, 0x0000000085800000, 0x0000000085900000|  0%| F|  |TAMS 0x0000000085800000, 0x0000000085800000| Untracked 
|  85|0x0000000085900000, 0x0000000085900000, 0x0000000085a00000|  0%| F|  |TAMS 0x0000000085900000, 0x0000000085900000| Untracked 
|  86|0x0000000085a00000, 0x0000000085a00000, 0x0000000085b00000|  0%| F|  |TAMS 0x0000000085a00000, 0x0000000085a00000| Untracked 
|  87|0x0000000085b00000, 0x0000000085b83d20, 0x0000000085c00000| 51%| E|  |TAMS 0x0000000085b00000, 0x0000000085b00000| Complete 
|  88|0x0000000085c00000, 0x0000000085d00000, 0x0000000085d00000|100%| E|CS|TAMS 0x0000000085c00000, 0x0000000085c00000| Complete 
|  89|0x0000000085d00000, 0x0000000085e00000, 0x0000000085e00000|100%| E|CS|TAMS 0x0000000085d00000, 0x0000000085d00000| Complete 
|  90|0x0000000085e00000, 0x0000000085f00000, 0x0000000085f00000|100%| E|CS|TAMS 0x0000000085e00000, 0x0000000085e00000| Complete 
|  91|0x0000000085f00000, 0x0000000086000000, 0x0000000086000000|100%|HS|  |TAMS 0x0000000085f00000, 0x0000000085f00000| Complete 
|  92|0x0000000086000000, 0x0000000086100000, 0x0000000086100000|100%|HC|  |TAMS 0x0000000086000000, 0x0000000086000000| Complete 
|  93|0x0000000086100000, 0x0000000086200000, 0x0000000086200000|100%|HC|  |TAMS 0x0000000086100000, 0x0000000086100000| Complete 
|  94|0x0000000086200000, 0x0000000086300000, 0x0000000086300000|100%|HC|  |TAMS 0x0000000086200000, 0x0000000086200000| Complete 
|  95|0x0000000086300000, 0x0000000086400000, 0x0000000086400000|100%|HC|  |TAMS 0x0000000086300000, 0x0000000086300000| Complete 
|  96|0x0000000086400000, 0x0000000086500000, 0x0000000086500000|100%|HC|  |TAMS 0x0000000086400000, 0x0000000086400000| Complete 
|  97|0x0000000086500000, 0x0000000086600000, 0x0000000086600000|100%|HC|  |TAMS 0x0000000086500000, 0x0000000086500000| Complete 
|  98|0x0000000086600000, 0x0000000086700000, 0x0000000086700000|100%|HC|  |TAMS 0x0000000086600000, 0x0000000086600000| Complete 
|  99|0x0000000086700000, 0x0000000086800000, 0x0000000086800000|100%|HC|  |TAMS 0x0000000086700000, 0x0000000086700000| Complete 
| 100|0x0000000086800000, 0x0000000086900000, 0x0000000086900000|100%|HC|  |TAMS 0x0000000086800000, 0x0000000086800000| Complete 
| 101|0x0000000086900000, 0x0000000086a00000, 0x0000000086a00000|100%|HC|  |TAMS 0x0000000086900000, 0x0000000086900000| Complete 
| 102|0x0000000086a00000, 0x0000000086b00000, 0x0000000086b00000|100%|HC|  |TAMS 0x0000000086a00000, 0x0000000086a00000| Complete 
| 103|0x0000000086b00000, 0x0000000086c00000, 0x0000000086c00000|100%|HC|  |TAMS 0x0000000086b00000, 0x0000000086b00000| Complete 
| 104|0x0000000086c00000, 0x0000000086d00000, 0x0000000086d00000|100%|HC|  |TAMS 0x0000000086c00000, 0x0000000086c00000| Complete 
| 105|0x0000000086d00000, 0x0000000086e00000, 0x0000000086e00000|100%|HC|  |TAMS 0x0000000086d00000, 0x0000000086d00000| Complete 
| 106|0x0000000086e00000, 0x0000000086f00000, 0x0000000086f00000|100%|HC|  |TAMS 0x0000000086e00000, 0x0000000086e00000| Complete 
| 107|0x0000000086f00000, 0x0000000087000000, 0x0000000087000000|100%|HC|  |TAMS 0x0000000086f00000, 0x0000000086f00000| Complete 
| 108|0x0000000087000000, 0x0000000087100000, 0x0000000087100000|100%|HC|  |TAMS 0x0000000087000000, 0x0000000087000000| Complete 
| 109|0x0000000087100000, 0x0000000087200000, 0x0000000087200000|100%|HC|  |TAMS 0x0000000087100000, 0x0000000087100000| Complete 
| 110|0x0000000087200000, 0x0000000087300000, 0x0000000087300000|100%|HC|  |TAMS 0x0000000087200000, 0x0000000087200000| Complete 
| 111|0x0000000087300000, 0x0000000087400000, 0x0000000087400000|100%|HC|  |TAMS 0x0000000087300000, 0x0000000087300000| Complete 
| 112|0x0000000087400000, 0x0000000087500000, 0x0000000087500000|100%|HC|  |TAMS 0x0000000087400000, 0x0000000087400000| Complete 
| 113|0x0000000087500000, 0x0000000087600000, 0x0000000087600000|100%|HC|  |TAMS 0x0000000087500000, 0x0000000087500000| Complete 
| 114|0x0000000087600000, 0x0000000087700000, 0x0000000087700000|100%|HC|  |TAMS 0x0000000087600000, 0x0000000087600000| Complete 
| 115|0x0000000087700000, 0x0000000087800000, 0x0000000087800000|100%|HC|  |TAMS 0x0000000087700000, 0x0000000087700000| Complete 
| 116|0x0000000087800000, 0x0000000087900000, 0x0000000087900000|100%|HC|  |TAMS 0x0000000087800000, 0x0000000087800000| Complete 
| 117|0x0000000087900000, 0x0000000087a00000, 0x0000000087a00000|100%|HC|  |TAMS 0x0000000087900000, 0x0000000087900000| Complete 
| 118|0x0000000087a00000, 0x0000000087b00000, 0x0000000087b00000|100%|HC|  |TAMS 0x0000000087a00000, 0x0000000087a00000| Complete 
| 119|0x0000000087b00000, 0x0000000087c00000, 0x0000000087c00000|100%|HC|  |TAMS 0x0000000087b00000, 0x0000000087b00000| Complete 
| 120|0x0000000087c00000, 0x0000000087d00000, 0x0000000087d00000|100%|HC|  |TAMS 0x0000000087c00000, 0x0000000087c00000| Complete 
| 121|0x0000000087d00000, 0x0000000087e00000, 0x0000000087e00000|100%|HC|  |TAMS 0x0000000087d00000, 0x0000000087d00000| Complete 
| 122|0x0000000087e00000, 0x0000000087f00000, 0x0000000087f00000|100%|HC|  |TAMS 0x0000000087e00000, 0x0000000087e00000| Complete 
| 123|0x0000000087f00000, 0x0000000088000000, 0x0000000088000000|100%|HC|  |TAMS 0x0000000087f00000, 0x0000000087f00000| Complete 
| 127|0x0000000088300000, 0x0000000088400000, 0x0000000088400000|100%| E|CS|TAMS 0x0000000088300000, 0x0000000088300000| Complete 
| 128|0x0000000088400000, 0x0000000088500000, 0x0000000088500000|100%|HS|  |TAMS 0x0000000088400000, 0x0000000088400000| Complete 
| 129|0x0000000088500000, 0x0000000088600000, 0x0000000088600000|100%|HC|  |TAMS 0x0000000088500000, 0x0000000088500000| Complete 
| 130|0x0000000088600000, 0x0000000088700000, 0x0000000088700000|100%|HC|  |TAMS 0x0000000088600000, 0x0000000088600000| Complete 
| 131|0x0000000088700000, 0x0000000088800000, 0x0000000088800000|100%|HC|  |TAMS 0x0000000088700000, 0x0000000088700000| Complete 
| 132|0x0000000088800000, 0x0000000088900000, 0x0000000088900000|100%|HC|  |TAMS 0x0000000088800000, 0x0000000088800000| Complete 
| 133|0x0000000088900000, 0x0000000088a00000, 0x0000000088a00000|100%|HC|  |TAMS 0x0000000088900000, 0x0000000088900000| Complete 
| 134|0x0000000088a00000, 0x0000000088b00000, 0x0000000088b00000|100%|HC|  |TAMS 0x0000000088a00000, 0x0000000088a00000| Complete 
| 135|0x0000000088b00000, 0x0000000088c00000, 0x0000000088c00000|100%|HC|  |TAMS 0x0000000088b00000, 0x0000000088b00000| Complete 
| 136|0x0000000088c00000, 0x0000000088d00000, 0x0000000088d00000|100%|HC|  |TAMS 0x0000000088c00000, 0x0000000088c00000| Complete 
| 137|0x0000000088d00000, 0x0000000088e00000, 0x0000000088e00000|100%|HC|  |TAMS 0x0000000088d00000, 0x0000000088d00000| Complete 
| 138|0x0000000088e00000, 0x0000000088f00000, 0x0000000088f00000|100%|HC|  |TAMS 0x0000000088e00000, 0x0000000088e00000| Complete 
| 139|0x0000000088f00000, 0x0000000089000000, 0x0000000089000000|100%|HC|  |TAMS 0x0000000088f00000, 0x0000000088f00000| Complete 
| 140|0x0000000089000000, 0x0000000089100000, 0x0000000089100000|100%|HC|  |TAMS 0x0000000089000000, 0x0000000089000000| Complete 
| 141|0x0000000089100000, 0x0000000089200000, 0x0000000089200000|100%|HC|  |TAMS 0x0000000089100000, 0x0000000089100000| Complete 
| 142|0x0000000089200000, 0x0000000089300000, 0x0000000089300000|100%|HC|  |TAMS 0x0000000089200000, 0x0000000089200000| Complete 
| 143|0x0000000089300000, 0x0000000089400000, 0x0000000089400000|100%|HC|  |TAMS 0x0000000089300000, 0x0000000089300000| Complete 
| 144|0x0000000089400000, 0x0000000089500000, 0x0000000089500000|100%|HC|  |TAMS 0x0000000089400000, 0x0000000089400000| Complete 
| 145|0x0000000089500000, 0x0000000089600000, 0x0000000089600000|100%|HC|  |TAMS 0x0000000089500000, 0x0000000089500000| Complete 
| 146|0x0000000089600000, 0x0000000089700000, 0x0000000089700000|100%|HC|  |TAMS 0x0000000089600000, 0x0000000089600000| Complete 
| 147|0x0000000089700000, 0x0000000089800000, 0x0000000089800000|100%|HC|  |TAMS 0x0000000089700000, 0x0000000089700000| Complete 
| 148|0x0000000089800000, 0x0000000089900000, 0x0000000089900000|100%|HC|  |TAMS 0x0000000089800000, 0x0000000089800000| Complete 
| 149|0x0000000089900000, 0x0000000089a00000, 0x0000000089a00000|100%|HC|  |TAMS 0x0000000089900000, 0x0000000089900000| Complete 
| 150|0x0000000089a00000, 0x0000000089b00000, 0x0000000089b00000|100%|HC|  |TAMS 0x0000000089a00000, 0x0000000089a00000| Complete 
| 151|0x0000000089b00000, 0x0000000089c00000, 0x0000000089c00000|100%|HC|  |TAMS 0x0000000089b00000, 0x0000000089b00000| Complete 
| 152|0x0000000089c00000, 0x0000000089d00000, 0x0000000089d00000|100%|HC|  |TAMS 0x0000000089c00000, 0x0000000089c00000| Complete 
| 153|0x0000000089d00000, 0x0000000089e00000, 0x0000000089e00000|100%|HC|  |TAMS 0x0000000089d00000, 0x0000000089d00000| Complete 
| 154|0x0000000089e00000, 0x0000000089f00000, 0x0000000089f00000|100%|HC|  |TAMS 0x0000000089e00000, 0x0000000089e00000| Complete 
| 155|0x0000000089f00000, 0x000000008a000000, 0x000000008a000000|100%|HC|  |TAMS 0x0000000089f00000, 0x0000000089f00000| Complete 
| 156|0x000000008a000000, 0x000000008a100000, 0x000000008a100000|100%|HC|  |TAMS 0x000000008a000000, 0x000000008a000000| Complete 
| 157|0x000000008a100000, 0x000000008a200000, 0x000000008a200000|100%|HC|  |TAMS 0x000000008a100000, 0x000000008a100000| Complete 
| 158|0x000000008a200000, 0x000000008a300000, 0x000000008a300000|100%|HC|  |TAMS 0x000000008a200000, 0x000000008a200000| Complete 
| 159|0x000000008a300000, 0x000000008a400000, 0x000000008a400000|100%|HC|  |TAMS 0x000000008a300000, 0x000000008a300000| Complete 
| 160|0x000000008a400000, 0x000000008a500000, 0x000000008a500000|100%|HC|  |TAMS 0x000000008a400000, 0x000000008a400000| Complete 
| 161|0x000000008a500000, 0x000000008a600000, 0x000000008a600000|100%|HC|  |TAMS 0x000000008a500000, 0x000000008a500000| Complete 
| 162|0x000000008a600000, 0x000000008a700000, 0x000000008a700000|100%|HC|  |TAMS 0x000000008a600000, 0x000000008a600000| Complete 
| 163|0x000000008a700000, 0x000000008a800000, 0x000000008a800000|100%|HC|  |TAMS 0x000000008a700000, 0x000000008a700000| Complete 
| 164|0x000000008a800000, 0x000000008a900000, 0x000000008a900000|100%|HC|  |TAMS 0x000000008a800000, 0x000000008a800000| Complete 
| 165|0x000000008a900000, 0x000000008aa00000, 0x000000008aa00000|100%|HC|  |TAMS 0x000000008a900000, 0x000000008a900000| Complete 
| 166|0x000000008aa00000, 0x000000008ab00000, 0x000000008ab00000|100%|HC|  |TAMS 0x000000008aa00000, 0x000000008aa00000| Complete 
| 167|0x000000008ab00000, 0x000000008ac00000, 0x000000008ac00000|100%|HC|  |TAMS 0x000000008ab00000, 0x000000008ab00000| Complete 
| 168|0x000000008ac00000, 0x000000008ad00000, 0x000000008ad00000|100%|HC|  |TAMS 0x000000008ac00000, 0x000000008ac00000| Complete 
| 169|0x000000008ad00000, 0x000000008ae00000, 0x000000008ae00000|100%|HC|  |TAMS 0x000000008ad00000, 0x000000008ad00000| Complete 
| 170|0x000000008ae00000, 0x000000008af00000, 0x000000008af00000|100%|HC|  |TAMS 0x000000008ae00000, 0x000000008ae00000| Complete 
| 171|0x000000008af00000, 0x000000008b000000, 0x000000008b000000|100%|HC|  |TAMS 0x000000008af00000, 0x000000008af00000| Complete 
| 172|0x000000008b000000, 0x000000008b100000, 0x000000008b100000|100%|HC|  |TAMS 0x000000008b000000, 0x000000008b000000| Complete 
| 173|0x000000008b100000, 0x000000008b200000, 0x000000008b200000|100%|HC|  |TAMS 0x000000008b100000, 0x000000008b100000| Complete 
| 174|0x000000008b200000, 0x000000008b300000, 0x000000008b300000|100%|HC|  |TAMS 0x000000008b200000, 0x000000008b200000| Complete 
| 175|0x000000008b300000, 0x000000008b400000, 0x000000008b400000|100%|HC|  |TAMS 0x000000008b300000, 0x000000008b300000| Complete 
| 176|0x000000008b400000, 0x000000008b500000, 0x000000008b500000|100%|HC|  |TAMS 0x000000008b400000, 0x000000008b400000| Complete 
| 177|0x000000008b500000, 0x000000008b600000, 0x000000008b600000|100%|HC|  |TAMS 0x000000008b500000, 0x000000008b500000| Complete 
| 178|0x000000008b600000, 0x000000008b700000, 0x000000008b700000|100%|HC|  |TAMS 0x000000008b600000, 0x000000008b600000| Complete 
| 179|0x000000008b700000, 0x000000008b800000, 0x000000008b800000|100%|HC|  |TAMS 0x000000008b700000, 0x000000008b700000| Complete 
| 180|0x000000008b800000, 0x000000008b900000, 0x000000008b900000|100%|HC|  |TAMS 0x000000008b800000, 0x000000008b800000| Complete 
| 181|0x000000008b900000, 0x000000008ba00000, 0x000000008ba00000|100%|HC|  |TAMS 0x000000008b900000, 0x000000008b900000| Complete 
| 182|0x000000008ba00000, 0x000000008bb00000, 0x000000008bb00000|100%|HC|  |TAMS 0x000000008ba00000, 0x000000008ba00000| Complete 
| 183|0x000000008bb00000, 0x000000008bc00000, 0x000000008bc00000|100%|HC|  |TAMS 0x000000008bb00000, 0x000000008bb00000| Complete 
| 184|0x000000008bc00000, 0x000000008bd00000, 0x000000008bd00000|100%|HC|  |TAMS 0x000000008bc00000, 0x000000008bc00000| Complete 
| 185|0x000000008bd00000, 0x000000008be00000, 0x000000008be00000|100%|HC|  |TAMS 0x000000008bd00000, 0x000000008bd00000| Complete 
| 186|0x000000008be00000, 0x000000008bf00000, 0x000000008bf00000|100%|HC|  |TAMS 0x000000008be00000, 0x000000008be00000| Complete 
| 187|0x000000008bf00000, 0x000000008c000000, 0x000000008c000000|100%|HC|  |TAMS 0x000000008bf00000, 0x000000008bf00000| Complete 
| 188|0x000000008c000000, 0x000000008c100000, 0x000000008c100000|100%|HC|  |TAMS 0x000000008c000000, 0x000000008c000000| Complete 
| 189|0x000000008c100000, 0x000000008c200000, 0x000000008c200000|100%|HC|  |TAMS 0x000000008c100000, 0x000000008c100000| Complete 
| 190|0x000000008c200000, 0x000000008c300000, 0x000000008c300000|100%|HC|  |TAMS 0x000000008c200000, 0x000000008c200000| Complete 
| 191|0x000000008c300000, 0x000000008c400000, 0x000000008c400000|100%|HC|  |TAMS 0x000000008c300000, 0x000000008c300000| Complete 
| 192|0x000000008c400000, 0x000000008c500000, 0x000000008c500000|100%|HC|  |TAMS 0x000000008c400000, 0x000000008c400000| Complete 
| 193|0x000000008c500000, 0x000000008c600000, 0x000000008c600000|100%|HS|  |TAMS 0x000000008c500000, 0x000000008c500000| Complete 
| 194|0x000000008c600000, 0x000000008c700000, 0x000000008c700000|100%|HC|  |TAMS 0x000000008c600000, 0x000000008c600000| Complete 
| 195|0x000000008c700000, 0x000000008c800000, 0x000000008c800000|100%|HC|  |TAMS 0x000000008c700000, 0x000000008c700000| Complete 
| 196|0x000000008c800000, 0x000000008c900000, 0x000000008c900000|100%|HC|  |TAMS 0x000000008c800000, 0x000000008c800000| Complete 
| 197|0x000000008c900000, 0x000000008ca00000, 0x000000008ca00000|100%|HC|  |TAMS 0x000000008c900000, 0x000000008c900000| Complete 
| 198|0x000000008ca00000, 0x000000008cb00000, 0x000000008cb00000|100%|HC|  |TAMS 0x000000008ca00000, 0x000000008ca00000| Complete 
| 199|0x000000008cb00000, 0x000000008cc00000, 0x000000008cc00000|100%|HC|  |TAMS 0x000000008cb00000, 0x000000008cb00000| Complete 
| 200|0x000000008cc00000, 0x000000008cd00000, 0x000000008cd00000|100%|HC|  |TAMS 0x000000008cc00000, 0x000000008cc00000| Complete 
| 201|0x000000008cd00000, 0x000000008ce00000, 0x000000008ce00000|100%|HC|  |TAMS 0x000000008cd00000, 0x000000008cd00000| Complete 
| 202|0x000000008ce00000, 0x000000008cf00000, 0x000000008cf00000|100%|HC|  |TAMS 0x000000008ce00000, 0x000000008ce00000| Complete 
| 203|0x000000008cf00000, 0x000000008d000000, 0x000000008d000000|100%|HC|  |TAMS 0x000000008cf00000, 0x000000008cf00000| Complete 
| 204|0x000000008d000000, 0x000000008d100000, 0x000000008d100000|100%|HC|  |TAMS 0x000000008d000000, 0x000000008d000000| Complete 
| 205|0x000000008d100000, 0x000000008d200000, 0x000000008d200000|100%|HC|  |TAMS 0x000000008d100000, 0x000000008d100000| Complete 
| 206|0x000000008d200000, 0x000000008d300000, 0x000000008d300000|100%|HC|  |TAMS 0x000000008d200000, 0x000000008d200000| Complete 
| 207|0x000000008d300000, 0x000000008d400000, 0x000000008d400000|100%|HC|  |TAMS 0x000000008d300000, 0x000000008d300000| Complete 
| 208|0x000000008d400000, 0x000000008d500000, 0x000000008d500000|100%|HC|  |TAMS 0x000000008d400000, 0x000000008d400000| Complete 
| 209|0x000000008d500000, 0x000000008d600000, 0x000000008d600000|100%|HC|  |TAMS 0x000000008d500000, 0x000000008d500000| Complete 
| 210|0x000000008d600000, 0x000000008d700000, 0x000000008d700000|100%|HC|  |TAMS 0x000000008d600000, 0x000000008d600000| Complete 
| 211|0x000000008d700000, 0x000000008d800000, 0x000000008d800000|100%|HC|  |TAMS 0x000000008d700000, 0x000000008d700000| Complete 
| 212|0x000000008d800000, 0x000000008d900000, 0x000000008d900000|100%|HC|  |TAMS 0x000000008d800000, 0x000000008d800000| Complete 
| 213|0x000000008d900000, 0x000000008da00000, 0x000000008da00000|100%|HC|  |TAMS 0x000000008d900000, 0x000000008d900000| Complete 
| 214|0x000000008da00000, 0x000000008db00000, 0x000000008db00000|100%|HC|  |TAMS 0x000000008da00000, 0x000000008da00000| Complete 
| 215|0x000000008db00000, 0x000000008dc00000, 0x000000008dc00000|100%|HC|  |TAMS 0x000000008db00000, 0x000000008db00000| Complete 
| 216|0x000000008dc00000, 0x000000008dd00000, 0x000000008dd00000|100%|HC|  |TAMS 0x000000008dc00000, 0x000000008dc00000| Complete 
| 217|0x000000008dd00000, 0x000000008de00000, 0x000000008de00000|100%|HC|  |TAMS 0x000000008dd00000, 0x000000008dd00000| Complete 
| 218|0x000000008de00000, 0x000000008df00000, 0x000000008df00000|100%|HC|  |TAMS 0x000000008de00000, 0x000000008de00000| Complete 
| 219|0x000000008df00000, 0x000000008e000000, 0x000000008e000000|100%|HC|  |TAMS 0x000000008df00000, 0x000000008df00000| Complete 
| 220|0x000000008e000000, 0x000000008e100000, 0x000000008e100000|100%|HC|  |TAMS 0x000000008e000000, 0x000000008e000000| Complete 
| 221|0x000000008e100000, 0x000000008e200000, 0x000000008e200000|100%|HC|  |TAMS 0x000000008e100000, 0x000000008e100000| Complete 
| 222|0x000000008e200000, 0x000000008e300000, 0x000000008e300000|100%|HC|  |TAMS 0x000000008e200000, 0x000000008e200000| Complete 
| 223|0x000000008e300000, 0x000000008e400000, 0x000000008e400000|100%|HC|  |TAMS 0x000000008e300000, 0x000000008e300000| Complete 
| 224|0x000000008e400000, 0x000000008e500000, 0x000000008e500000|100%|HC|  |TAMS 0x000000008e400000, 0x000000008e400000| Complete 
| 225|0x000000008e500000, 0x000000008e600000, 0x000000008e600000|100%|HC|  |TAMS 0x000000008e500000, 0x000000008e500000| Complete 
| 226|0x000000008e600000, 0x000000008e700000, 0x000000008e700000|100%|HC|  |TAMS 0x000000008e600000, 0x000000008e600000| Complete 
| 227|0x000000008e700000, 0x000000008e800000, 0x000000008e800000|100%|HC|  |TAMS 0x000000008e700000, 0x000000008e700000| Complete 
| 228|0x000000008e800000, 0x000000008e900000, 0x000000008e900000|100%|HC|  |TAMS 0x000000008e800000, 0x000000008e800000| Complete 
| 229|0x000000008e900000, 0x000000008ea00000, 0x000000008ea00000|100%|HC|  |TAMS 0x000000008e900000, 0x000000008e900000| Complete 
| 230|0x000000008ea00000, 0x000000008eb00000, 0x000000008eb00000|100%|HC|  |TAMS 0x000000008ea00000, 0x000000008ea00000| Complete 
| 231|0x000000008eb00000, 0x000000008ec00000, 0x000000008ec00000|100%|HC|  |TAMS 0x000000008eb00000, 0x000000008eb00000| Complete 
| 232|0x000000008ec00000, 0x000000008ed00000, 0x000000008ed00000|100%|HC|  |TAMS 0x000000008ec00000, 0x000000008ec00000| Complete 
| 233|0x000000008ed00000, 0x000000008ee00000, 0x000000008ee00000|100%|HC|  |TAMS 0x000000008ed00000, 0x000000008ed00000| Complete 
| 234|0x000000008ee00000, 0x000000008ef00000, 0x000000008ef00000|100%|HC|  |TAMS 0x000000008ee00000, 0x000000008ee00000| Complete 
| 235|0x000000008ef00000, 0x000000008f000000, 0x000000008f000000|100%|HC|  |TAMS 0x000000008ef00000, 0x000000008ef00000| Complete 
| 236|0x000000008f000000, 0x000000008f100000, 0x000000008f100000|100%|HC|  |TAMS 0x000000008f000000, 0x000000008f000000| Complete 
| 237|0x000000008f100000, 0x000000008f200000, 0x000000008f200000|100%|HC|  |TAMS 0x000000008f100000, 0x000000008f100000| Complete 
| 238|0x000000008f200000, 0x000000008f300000, 0x000000008f300000|100%|HC|  |TAMS 0x000000008f200000, 0x000000008f200000| Complete 
| 239|0x000000008f300000, 0x000000008f400000, 0x000000008f400000|100%|HC|  |TAMS 0x000000008f300000, 0x000000008f300000| Complete 
| 240|0x000000008f400000, 0x000000008f500000, 0x000000008f500000|100%|HC|  |TAMS 0x000000008f400000, 0x000000008f400000| Complete 
| 241|0x000000008f500000, 0x000000008f600000, 0x000000008f600000|100%|HC|  |TAMS 0x000000008f500000, 0x000000008f500000| Complete 
| 242|0x000000008f600000, 0x000000008f700000, 0x000000008f700000|100%|HC|  |TAMS 0x000000008f600000, 0x000000008f600000| Complete 
| 243|0x000000008f700000, 0x000000008f800000, 0x000000008f800000|100%|HC|  |TAMS 0x000000008f700000, 0x000000008f700000| Complete 
| 244|0x000000008f800000, 0x000000008f900000, 0x000000008f900000|100%|HC|  |TAMS 0x000000008f800000, 0x000000008f800000| Complete 
| 245|0x000000008f900000, 0x000000008fa00000, 0x000000008fa00000|100%|HC|  |TAMS 0x000000008f900000, 0x000000008f900000| Complete 
| 246|0x000000008fa00000, 0x000000008fb00000, 0x000000008fb00000|100%|HC|  |TAMS 0x000000008fa00000, 0x000000008fa00000| Complete 
| 247|0x000000008fb00000, 0x000000008fc00000, 0x000000008fc00000|100%|HC|  |TAMS 0x000000008fb00000, 0x000000008fb00000| Complete 
| 248|0x000000008fc00000, 0x000000008fd00000, 0x000000008fd00000|100%|HC|  |TAMS 0x000000008fc00000, 0x000000008fc00000| Complete 
| 249|0x000000008fd00000, 0x000000008fe00000, 0x000000008fe00000|100%|HC|  |TAMS 0x000000008fd00000, 0x000000008fd00000| Complete 
| 250|0x000000008fe00000, 0x000000008ff00000, 0x000000008ff00000|100%|HC|  |TAMS 0x000000008fe00000, 0x000000008fe00000| Complete 
| 251|0x000000008ff00000, 0x0000000090000000, 0x0000000090000000|100%|HC|  |TAMS 0x000000008ff00000, 0x000000008ff00000| Complete 
| 252|0x0000000090000000, 0x0000000090100000, 0x0000000090100000|100%|HC|  |TAMS 0x0000000090000000, 0x0000000090000000| Complete 
| 253|0x0000000090100000, 0x0000000090200000, 0x0000000090200000|100%|HC|  |TAMS 0x0000000090100000, 0x0000000090100000| Complete 
| 254|0x0000000090200000, 0x0000000090300000, 0x0000000090300000|100%|HC|  |TAMS 0x0000000090200000, 0x0000000090200000| Complete 
| 255|0x0000000090300000, 0x0000000090400000, 0x0000000090400000|100%|HC|  |TAMS 0x0000000090300000, 0x0000000090300000| Complete 
| 256|0x0000000090400000, 0x0000000090500000, 0x0000000090500000|100%|HC|  |TAMS 0x0000000090400000, 0x0000000090400000| Complete 
| 257|0x0000000090500000, 0x0000000090600000, 0x0000000090600000|100%|HC|  |TAMS 0x0000000090500000, 0x0000000090500000| Complete 
| 258|0x0000000090600000, 0x0000000090700000, 0x0000000090700000|100%|HC|  |TAMS 0x0000000090600000, 0x0000000090600000| Complete 
| 259|0x0000000090700000, 0x0000000090800000, 0x0000000090800000|100%|HC|  |TAMS 0x0000000090700000, 0x0000000090700000| Complete 
| 260|0x0000000090800000, 0x0000000090900000, 0x0000000090900000|100%|HC|  |TAMS 0x0000000090800000, 0x0000000090800000| Complete 
| 261|0x0000000090900000, 0x0000000090a00000, 0x0000000090a00000|100%|HC|  |TAMS 0x0000000090900000, 0x0000000090900000| Complete 
| 262|0x0000000090a00000, 0x0000000090b00000, 0x0000000090b00000|100%|HC|  |TAMS 0x0000000090a00000, 0x0000000090a00000| Complete 
| 263|0x0000000090b00000, 0x0000000090c00000, 0x0000000090c00000|100%|HC|  |TAMS 0x0000000090b00000, 0x0000000090b00000| Complete 
| 264|0x0000000090c00000, 0x0000000090d00000, 0x0000000090d00000|100%|HC|  |TAMS 0x0000000090c00000, 0x0000000090c00000| Complete 
| 265|0x0000000090d00000, 0x0000000090e00000, 0x0000000090e00000|100%|HC|  |TAMS 0x0000000090d00000, 0x0000000090d00000| Complete 
| 266|0x0000000090e00000, 0x0000000090f00000, 0x0000000090f00000|100%|HC|  |TAMS 0x0000000090e00000, 0x0000000090e00000| Complete 
| 267|0x0000000090f00000, 0x0000000091000000, 0x0000000091000000|100%|HC|  |TAMS 0x0000000090f00000, 0x0000000090f00000| Complete 
| 268|0x0000000091000000, 0x0000000091100000, 0x0000000091100000|100%|HC|  |TAMS 0x0000000091000000, 0x0000000091000000| Complete 
| 269|0x0000000091100000, 0x0000000091200000, 0x0000000091200000|100%|HC|  |TAMS 0x0000000091100000, 0x0000000091100000| Complete 
| 270|0x0000000091200000, 0x0000000091300000, 0x0000000091300000|100%|HC|  |TAMS 0x0000000091200000, 0x0000000091200000| Complete 
| 271|0x0000000091300000, 0x0000000091400000, 0x0000000091400000|100%|HC|  |TAMS 0x0000000091300000, 0x0000000091300000| Complete 
| 272|0x0000000091400000, 0x0000000091500000, 0x0000000091500000|100%|HC|  |TAMS 0x0000000091400000, 0x0000000091400000| Complete 
| 273|0x0000000091500000, 0x0000000091600000, 0x0000000091600000|100%|HC|  |TAMS 0x0000000091500000, 0x0000000091500000| Complete 
| 274|0x0000000091600000, 0x0000000091700000, 0x0000000091700000|100%|HC|  |TAMS 0x0000000091600000, 0x0000000091600000| Complete 
| 275|0x0000000091700000, 0x0000000091800000, 0x0000000091800000|100%|HC|  |TAMS 0x0000000091700000, 0x0000000091700000| Complete 
| 276|0x0000000091800000, 0x0000000091900000, 0x0000000091900000|100%|HC|  |TAMS 0x0000000091800000, 0x0000000091800000| Complete 
| 277|0x0000000091900000, 0x0000000091a00000, 0x0000000091a00000|100%|HC|  |TAMS 0x0000000091900000, 0x0000000091900000| Complete 
| 278|0x0000000091a00000, 0x0000000091b00000, 0x0000000091b00000|100%|HC|  |TAMS 0x0000000091a00000, 0x0000000091a00000| Complete 
| 279|0x0000000091b00000, 0x0000000091c00000, 0x0000000091c00000|100%|HC|  |TAMS 0x0000000091b00000, 0x0000000091b00000| Complete 
| 280|0x0000000091c00000, 0x0000000091d00000, 0x0000000091d00000|100%|HC|  |TAMS 0x0000000091c00000, 0x0000000091c00000| Complete 
| 281|0x0000000091d00000, 0x0000000091e00000, 0x0000000091e00000|100%|HC|  |TAMS 0x0000000091d00000, 0x0000000091d00000| Complete 
| 282|0x0000000091e00000, 0x0000000091f00000, 0x0000000091f00000|100%|HC|  |TAMS 0x0000000091e00000, 0x0000000091e00000| Complete 
| 283|0x0000000091f00000, 0x0000000092000000, 0x0000000092000000|100%|HC|  |TAMS 0x0000000091f00000, 0x0000000091f00000| Complete 
| 284|0x0000000092000000, 0x0000000092100000, 0x0000000092100000|100%|HC|  |TAMS 0x0000000092000000, 0x0000000092000000| Complete 
| 285|0x0000000092100000, 0x0000000092200000, 0x0000000092200000|100%|HC|  |TAMS 0x0000000092100000, 0x0000000092100000| Complete 
| 286|0x0000000092200000, 0x0000000092300000, 0x0000000092300000|100%|HC|  |TAMS 0x0000000092200000, 0x0000000092200000| Complete 
| 287|0x0000000092300000, 0x0000000092400000, 0x0000000092400000|100%|HC|  |TAMS 0x0000000092300000, 0x0000000092300000| Complete 
| 288|0x0000000092400000, 0x0000000092500000, 0x0000000092500000|100%|HC|  |TAMS 0x0000000092400000, 0x0000000092400000| Complete 
| 289|0x0000000092500000, 0x0000000092600000, 0x0000000092600000|100%|HC|  |TAMS 0x0000000092500000, 0x0000000092500000| Complete 
| 290|0x0000000092600000, 0x0000000092700000, 0x0000000092700000|100%|HC|  |TAMS 0x0000000092600000, 0x0000000092600000| Complete 
| 291|0x0000000092700000, 0x0000000092800000, 0x0000000092800000|100%|HC|  |TAMS 0x0000000092700000, 0x0000000092700000| Complete 
| 292|0x0000000092800000, 0x0000000092900000, 0x0000000092900000|100%|HC|  |TAMS 0x0000000092800000, 0x0000000092800000| Complete 
| 293|0x0000000092900000, 0x0000000092a00000, 0x0000000092a00000|100%|HC|  |TAMS 0x0000000092900000, 0x0000000092900000| Complete 
| 294|0x0000000092a00000, 0x0000000092b00000, 0x0000000092b00000|100%|HC|  |TAMS 0x0000000092a00000, 0x0000000092a00000| Complete 
| 295|0x0000000092b00000, 0x0000000092c00000, 0x0000000092c00000|100%|HC|  |TAMS 0x0000000092b00000, 0x0000000092b00000| Complete 
| 296|0x0000000092c00000, 0x0000000092d00000, 0x0000000092d00000|100%|HC|  |TAMS 0x0000000092c00000, 0x0000000092c00000| Complete 
| 297|0x0000000092d00000, 0x0000000092e00000, 0x0000000092e00000|100%|HC|  |TAMS 0x0000000092d00000, 0x0000000092d00000| Complete 
| 298|0x0000000092e00000, 0x0000000092f00000, 0x0000000092f00000|100%|HC|  |TAMS 0x0000000092e00000, 0x0000000092e00000| Complete 
| 299|0x0000000092f00000, 0x0000000093000000, 0x0000000093000000|100%|HC|  |TAMS 0x0000000092f00000, 0x0000000092f00000| Complete 
| 300|0x0000000093000000, 0x0000000093100000, 0x0000000093100000|100%|HC|  |TAMS 0x0000000093000000, 0x0000000093000000| Complete 
| 301|0x0000000093100000, 0x0000000093200000, 0x0000000093200000|100%|HC|  |TAMS 0x0000000093100000, 0x0000000093100000| Complete 
| 302|0x0000000093200000, 0x0000000093300000, 0x0000000093300000|100%|HC|  |TAMS 0x0000000093200000, 0x0000000093200000| Complete 
| 303|0x0000000093300000, 0x0000000093400000, 0x0000000093400000|100%|HC|  |TAMS 0x0000000093300000, 0x0000000093300000| Complete 
| 304|0x0000000093400000, 0x0000000093500000, 0x0000000093500000|100%|HC|  |TAMS 0x0000000093400000, 0x0000000093400000| Complete 
| 305|0x0000000093500000, 0x0000000093600000, 0x0000000093600000|100%|HC|  |TAMS 0x0000000093500000, 0x0000000093500000| Complete 
| 306|0x0000000093600000, 0x0000000093700000, 0x0000000093700000|100%|HC|  |TAMS 0x0000000093600000, 0x0000000093600000| Complete 
| 307|0x0000000093700000, 0x0000000093800000, 0x0000000093800000|100%|HC|  |TAMS 0x0000000093700000, 0x0000000093700000| Complete 
| 308|0x0000000093800000, 0x0000000093900000, 0x0000000093900000|100%|HC|  |TAMS 0x0000000093800000, 0x0000000093800000| Complete 
| 309|0x0000000093900000, 0x0000000093a00000, 0x0000000093a00000|100%|HC|  |TAMS 0x0000000093900000, 0x0000000093900000| Complete 
| 310|0x0000000093a00000, 0x0000000093b00000, 0x0000000093b00000|100%|HC|  |TAMS 0x0000000093a00000, 0x0000000093a00000| Complete 
| 311|0x0000000093b00000, 0x0000000093c00000, 0x0000000093c00000|100%|HC|  |TAMS 0x0000000093b00000, 0x0000000093b00000| Complete 
| 312|0x0000000093c00000, 0x0000000093d00000, 0x0000000093d00000|100%|HC|  |TAMS 0x0000000093c00000, 0x0000000093c00000| Complete 
| 313|0x0000000093d00000, 0x0000000093e00000, 0x0000000093e00000|100%|HC|  |TAMS 0x0000000093d00000, 0x0000000093d00000| Complete 
| 314|0x0000000093e00000, 0x0000000093f00000, 0x0000000093f00000|100%|HC|  |TAMS 0x0000000093e00000, 0x0000000093e00000| Complete 
| 315|0x0000000093f00000, 0x0000000094000000, 0x0000000094000000|100%|HC|  |TAMS 0x0000000093f00000, 0x0000000093f00000| Complete 
| 316|0x0000000094000000, 0x0000000094100000, 0x0000000094100000|100%|HC|  |TAMS 0x0000000094000000, 0x0000000094000000| Complete 
| 317|0x0000000094100000, 0x0000000094200000, 0x0000000094200000|100%|HC|  |TAMS 0x0000000094100000, 0x0000000094100000| Complete 
| 318|0x0000000094200000, 0x0000000094300000, 0x0000000094300000|100%|HC|  |TAMS 0x0000000094200000, 0x0000000094200000| Complete 
| 319|0x0000000094300000, 0x0000000094400000, 0x0000000094400000|100%|HC|  |TAMS 0x0000000094300000, 0x0000000094300000| Complete 
| 320|0x0000000094400000, 0x0000000094500000, 0x0000000094500000|100%|HC|  |TAMS 0x0000000094400000, 0x0000000094400000| Complete 
| 321|0x0000000094500000, 0x0000000094600000, 0x0000000094600000|100%|HC|  |TAMS 0x0000000094500000, 0x0000000094500000| Complete 

Card table byte_map: [0x000002a5fc2e0000,0x000002a5fc6e0000] _byte_map_base: 0x000002a5fbede000

Marking Bits (Prev, Next): (CMBitMap*) 0x000002a5fa280458, (CMBitMap*) 0x000002a5fa280418
 Prev Bits: [0x000002a597320000, 0x000002a599310000)
 Next Bits: [0x000002a5fcae0000, 0x000002a5fead0000)

Polling page: 0x000002a5f9ff0000

Metaspace:

Usage:
  Non-class:     31.04 MB capacity,    30.44 MB ( 98%) used,   535.23 KB (  2%) free+waste,    83.00 KB ( <1%) overhead. 
      Class:      4.17 MB capacity,     3.84 MB ( 92%) used,   298.66 KB (  7%) free+waste,    37.25 KB ( <1%) overhead. 
       Both:     35.21 MB capacity,    34.28 MB ( 97%) used,   833.89 KB (  2%) free+waste,   120.25 KB ( <1%) overhead. 

Virtual space:
  Non-class space:       32.00 MB reserved,      31.25 MB ( 98%) committed 
      Class space:        1.00 GB reserved,       4.25 MB ( <1%) committed 
             Both:        1.03 GB reserved,      35.50 MB (  3%) committed 

Chunk freelists:
   Non-Class:  2.25 KB
       Class:  2.25 KB
        Both:  4.50 KB

CodeHeap 'non-profiled nmethods': size=120064Kb used=3149Kb max_used=3149Kb free=116914Kb
 bounds [0x000002a58fde0000, 0x000002a590100000, 0x000002a597320000]
CodeHeap 'profiled nmethods': size=120000Kb used=14450Kb max_used=14450Kb free=105549Kb
 bounds [0x000002a5888b0000, 0x000002a5896e0000, 0x000002a58fde0000]
CodeHeap 'non-nmethods': size=5696Kb used=1203Kb max_used=1254Kb free=4492Kb
 bounds [0x000002a588320000, 0x000002a588590000, 0x000002a5888b0000]
 total_blobs=8679 nmethods=5908 adapters=461
 compilation: enabled
              stopped_count=0, restarted_count=0
 full_count=0

Compilation events (10 events):
Event: 92.621 Thread 0x000002a5feef6800 6726       4       java.util.concurrent.ConcurrentLinkedDeque::linkFirst (114 bytes)
Event: 92.625 Thread 0x000002a5feef6800 nmethod 6726 0x000002a5900f0710 code [0x000002a5900f08c0, 0x000002a5900f0bb8]
Event: 92.625 Thread 0x000002a5feef6800 6727       4       java.util.concurrent.ConcurrentLinkedDeque::offerFirst (7 bytes)
Event: 92.631 Thread 0x000002a5feef6800 nmethod 6727 0x000002a5900f0d90 code [0x000002a5900f0f40, 0x000002a5900f1238]
Event: 93.181 Thread 0x000002a5feef6800 6728       4       org.eclipse.jetty.io.ByteBufferPool$Bucket::release (46 bytes)
Event: 93.188 Thread 0x000002a5feef6800 nmethod 6728 0x000002a5900f1410 code [0x000002a5900f15e0, 0x000002a5900f1a38]
Event: 93.188 Thread 0x000002a5feef6800 6730       4       org.eclipse.jetty.server.HttpConnection::releaseRequestBuffer (67 bytes)
Event: 93.199 Thread 0x000002a5feef6800 nmethod 6730 0x000002a5900f1d90 code [0x000002a5900f1f80, 0x000002a5900f2618]
Event: 93.199 Thread 0x000002a5feef6800 6729   !   4       org.eclipse.jetty.http.HttpParser::parseNext (577 bytes)
Event: 93.203 Thread 0x000002a5feef6800 nmethod 6729 0x000002a5900f2c10 code [0x000002a5900f2e20, 0x000002a5900f3190]

GC Heap History (10 events):
Event: 16.947 GC heap before
{Heap before GC invocations=21 (full 0):
 garbage-first heap   total 45056K, used 33417K [0x0000000080400000, 0x0000000100000000)
  region size 1024K, 14 young (14336K), 1 survivors (1024K)
 Metaspace       used 31007K, capacity 31816K, committed 31996K, reserved 1077248K
  class space    used 3400K, capacity 3698K, committed 3836K, reserved 1048576K
}
Event: 16.949 GC heap after
{Heap after GC invocations=22 (full 0):
 garbage-first heap   total 45056K, used 21664K [0x0000000080400000, 0x0000000100000000)
  region size 1024K, 2 young (2048K), 2 survivors (2048K)
 Metaspace       used 31007K, capacity 31816K, committed 31996K, reserved 1077248K
  class space    used 3400K, capacity 3698K, committed 3836K, reserved 1048576K
}
Event: 16.993 GC heap before
{Heap before GC invocations=22 (full 0):
 garbage-first heap   total 45056K, used 33952K [0x0000000080400000, 0x0000000100000000)
  region size 1024K, 15 young (15360K), 2 survivors (2048K)
 Metaspace       used 31007K, capacity 31816K, committed 31996K, reserved 1077248K
  class space    used 3400K, capacity 3698K, committed 3836K, reserved 1048576K
}
Event: 16.997 GC heap after
{Heap after GC invocations=23 (full 0):
 garbage-first heap   total 45056K, used 21977K [0x0000000080400000, 0x0000000100000000)
  region size 1024K, 2 young (2048K), 2 survivors (2048K)
 Metaspace       used 31007K, capacity 31816K, committed 31996K, reserved 1077248K
  class space    used 3400K, capacity 3698K, committed 3836K, reserved 1048576K
}
Event: 17.315 GC heap before
{Heap before GC invocations=24 (full 0):
 garbage-first heap   total 45056K, used 35289K [0x0000000080400000, 0x0000000100000000)
  region size 1024K, 15 young (15360K), 2 survivors (2048K)
 Metaspace       used 32144K, capacity 33006K, committed 33148K, reserved 1079296K
  class space    used 3580K, capacity 3903K, committed 3964K, reserved 1048576K
}
Event: 17.323 GC heap after
{Heap after GC invocations=25 (full 0):
 garbage-first heap   total 45056K, used 22281K [0x0000000080400000, 0x0000000100000000)
  region size 1024K, 2 young (2048K), 2 survivors (2048K)
 Metaspace       used 32144K, capacity 33006K, committed 33148K, reserved 1079296K
  class space    used 3580K, capacity 3903K, committed 3964K, reserved 1048576K
}
Event: 17.420 GC heap before
{Heap before GC invocations=25 (full 0):
 garbage-first heap   total 45056K, used 23305K [0x0000000080400000, 0x0000000100000000)
  region size 1024K, 3 young (3072K), 2 survivors (2048K)
 Metaspace       used 32258K, capacity 33075K, committed 33148K, reserved 1079296K
  class space    used 3598K, capacity 3905K, committed 3964K, reserved 1048576K
}
Event: 17.424 GC heap after
{Heap after GC invocations=26 (full 0):
 garbage-first heap   total 45056K, used 22265K [0x0000000080400000, 0x0000000100000000)
  region size 1024K, 1 young (1024K), 1 survivors (1024K)
 Metaspace       used 32258K, capacity 33075K, committed 33148K, reserved 1079296K
  class space    used 3598K, capacity 3905K, committed 3964K, reserved 1048576K
}
Event: 23.371 GC heap before
{Heap before GC invocations=26 (full 0):
 garbage-first heap   total 45056K, used 35577K [0x0000000080400000, 0x0000000100000000)
  region size 1024K, 14 young (14336K), 1 survivors (1024K)
 Metaspace       used 34635K, capacity 35544K, committed 35836K, reserved 1081344K
  class space    used 3882K, capacity 4226K, committed 4348K, reserved 1048576K
}
Event: 23.385 GC heap after
{Heap after GC invocations=27 (full 0):
 garbage-first heap   total 45056K, used 23013K [0x0000000080400000, 0x0000000100000000)
  region size 1024K, 2 young (2048K), 2 survivors (2048K)
 Metaspace       used 34635K, capacity 35544K, committed 35836K, reserved 1081344K
  class space    used 3882K, capacity 4226K, committed 4348K, reserved 1048576K
}

Deoptimization events (10 events):
Event: 86.766 Thread 0x000002a59b704800 Uncommon trap: reason=class_check action=maybe_recompile pc=0x000002a58ffa22f4 method=java.lang.Character.toLowerCase(I)I @ 5 c2
Event: 86.766 Thread 0x000002a59b704800 Uncommon trap: reason=class_check action=maybe_recompile pc=0x000002a58ffa22f4 method=java.lang.Character.toLowerCase(I)I @ 5 c2
Event: 86.766 Thread 0x000002a59b704800 Uncommon trap: reason=class_check action=maybe_recompile pc=0x000002a58ffa22f4 method=java.lang.Character.toLowerCase(I)I @ 5 c2
Event: 86.766 Thread 0x000002a59b704800 Uncommon trap: reason=class_check action=maybe_recompile pc=0x000002a58ffa22f4 method=java.lang.Character.toLowerCase(I)I @ 5 c2
Event: 86.766 Thread 0x000002a59b704800 Uncommon trap: reason=unstable_if action=reinterpret pc=0x000002a58fe9a1ec method=java.lang.String.startsWith(Ljava/lang/String;I)Z @ 46 c2
Event: 86.766 Thread 0x000002a59b704800 Uncommon trap: reason=unstable_if action=reinterpret pc=0x000002a58fe26694 method=java.lang.String.startsWith(Ljava/lang/String;I)Z @ 46 c2
Event: 86.766 Thread 0x000002a59b704800 Uncommon trap: reason=unstable_if action=reinterpret pc=0x000002a58ffa6e1c method=java.lang.String.substring(I)Ljava/lang/String; @ 43 c2
Event: 86.766 Thread 0x000002a59b704800 Uncommon trap: reason=unstable_if action=reinterpret pc=0x000002a58fed602c method=java.util.regex.Pattern.lambda$clazz$1(Ljava/util/regex/Pattern$BitClass;I)Z @ 4 c2
Event: 87.396 Thread 0x000002a59b704800 Uncommon trap: reason=unstable_if action=reinterpret pc=0x000002a5900ade00 method=org.eclipse.jetty.util.MultiPartInputStreamParser.parse()V @ 1224 c2
Event: 90.235 Thread 0x000002a59b704800 Uncommon trap: reason=speculate_null_assert action=make_not_entrant pc=0x000002a5900cc02c method=org.eclipse.jetty.server.HttpInput.nextContent()Lorg/eclipse/jetty/server/HttpInput$Content; @ 6 c2

Classes redefined (0 events):
No events

Internal exceptions (10 events):
Event: 17.078 Thread 0x000002a5fa23f800 Exception <a 'sun/nio/fs/WindowsException'{0x0000000085a5a460}> (0x0000000085a5a460) thrown at [t:/workspace/open/src/hotspot/share/prims/jni.cpp, line 615]
Event: 17.191 Thread 0x000002a5fa23f800 Exception <a 'java/lang/NoSuchMethodError'{0x00000000858aff30}: java.lang.invoke.Invokers$Holder.linkToTargetMethod(Ljava/lang/Object;ILjava/lang/Object;)Ljava/lang/Object;> (0x00000000858aff30) thrown at [t:/workspace/open/src/hotspot/share/interpreter/l
Event: 17.483 Thread 0x000002a5fa23f800 Exception <a 'sun/nio/fs/WindowsException'{0x0000000085dfc540}> (0x0000000085dfc540) thrown at [t:/workspace/open/src/hotspot/share/prims/jni.cpp, line 615]
Event: 17.877 Thread 0x000002a5fa23f800 Exception <a 'sun/nio/fs/WindowsException'{0x00000000857dc2c0}> (0x00000000857dc2c0) thrown at [t:/workspace/open/src/hotspot/share/prims/jni.cpp, line 615]
Event: 17.877 Thread 0x000002a5fa23f800 Exception <a 'sun/nio/fs/WindowsException'{0x00000000857dc660}> (0x00000000857dc660) thrown at [t:/workspace/open/src/hotspot/share/prims/jni.cpp, line 615]
Event: 17.877 Thread 0x000002a5fa23f800 Exception <a 'sun/nio/fs/WindowsException'{0x00000000857dca30}> (0x00000000857dca30) thrown at [t:/workspace/open/src/hotspot/share/prims/jni.cpp, line 615]
Event: 17.878 Thread 0x000002a5fa23f800 Exception <a 'sun/nio/fs/WindowsException'{0x00000000857dd2c8}> (0x00000000857dd2c8) thrown at [t:/workspace/open/src/hotspot/share/prims/jni.cpp, line 615]
Event: 17.878 Thread 0x000002a5fa23f800 Exception <a 'sun/nio/fs/WindowsException'{0x00000000857dd518}> (0x00000000857dd518) thrown at [t:/workspace/open/src/hotspot/share/prims/jni.cpp, line 615]
Event: 17.879 Thread 0x000002a5fa23f800 Exception <a 'sun/nio/fs/WindowsException'{0x00000000857df870}> (0x00000000857df870) thrown at [t:/workspace/open/src/hotspot/share/prims/jni.cpp, line 615]
Event: 17.978 Thread 0x000002a5fa23f800 Exception <a 'java/lang/NoSuchMethodError'{0x00000000824399d8}: java.lang.invoke.DirectMethodHandle$Holder.invokeInterface(Ljava/lang/Object;Ljava/lang/Object;)V> (0x00000000824399d8) thrown at [t:/workspace/open/src/hotspot/share/interpreter/linkResolver

Events (10 events):
Event: 87.396 Thread 0x000002a59b704800 DEOPT PACKING pc=0x000002a58965e416 sp=0x000000d8b79fd550
Event: 87.396 Thread 0x000002a59b704800 DEOPT UNPACKING pc=0x000002a5883499ce sp=0x000000d8b79fcc28 mode 0
Event: 87.396 Thread 0x000002a59b704800 Uncommon trap: trap_request=0xffffff4d fr.pc=0x000002a5900ade00 relative=0x00000000000035a0
Event: 87.396 Thread 0x000002a59b704800 DEOPT PACKING pc=0x000002a5900ade00 sp=0x000000d8b79fd790
Event: 87.396 Thread 0x000002a59b704800 DEOPT UNPACKING pc=0x000002a588349baf sp=0x000000d8b79fd730 mode 2
Event: 87.953 Thread 0x000002a59b704800 DEOPT PACKING pc=0x000002a589693126 sp=0x000000d8b79fd550
Event: 87.953 Thread 0x000002a59b704800 DEOPT UNPACKING pc=0x000002a5883499ce sp=0x000000d8b79fcc28 mode 0
Event: 90.235 Thread 0x000002a59b704800 Uncommon trap: trap_request=0xffffff5c fr.pc=0x000002a5900cc02c relative=0x0000000000002b2c
Event: 90.235 Thread 0x000002a59b704800 DEOPT PACKING pc=0x000002a5900cc02c sp=0x000000d8b79fd600
Event: 90.235 Thread 0x000002a59b704800 DEOPT UNPACKING pc=0x000002a588349baf sp=0x000000d8b79fd580 mode 2


Dynamic libraries:
0x00007ff63e0b0000 - 0x00007ff63e0bd000 	D:\Environments\jdk-12\bin\java.exe
0x00007ffe6aac0000 - 0x00007ffe6aca1000 	C:\Windows\SYSTEM32\ntdll.dll
0x00007ffe68a80000 - 0x00007ffe68b32000 	C:\Windows\System32\KERNEL32.DLL
0x00007ffe679b0000 - 0x00007ffe67c23000 	C:\Windows\System32\KERNELBASE.dll
0x00007ffe67c30000 - 0x00007ffe67d2a000 	C:\Windows\System32\ucrtbase.dll
0x00007ffe61220000 - 0x00007ffe61237000 	D:\Environments\jdk-12\bin\jli.dll
0x00007ffe68090000 - 0x00007ffe68220000 	C:\Windows\System32\USER32.dll
0x00007ffe67280000 - 0x00007ffe672a0000 	C:\Windows\System32\win32u.dll
0x00007ffe68de0000 - 0x00007ffe68e08000 	C:\Windows\System32\GDI32.dll
0x00007ffe67db0000 - 0x00007ffe67f42000 	C:\Windows\System32\gdi32full.dll
0x00007ffe66e90000 - 0x00007ffe66f2f000 	C:\Windows\System32\msvcp_win.dll
0x00007ffe59ee0000 - 0x00007ffe59ef6000 	D:\Environments\jdk-12\bin\VCRUNTIME140.dll
0x00007ffe5a8f0000 - 0x00007ffe5ab59000 	C:\Windows\WinSxS\amd64_microsoft.windows.common-controls_6595b64144ccf1df_6.0.17133.1_none_e4d992df105abfa4\COMCTL32.dll
0x00007ffe67f50000 - 0x00007ffe67fee000 	C:\Windows\System32\msvcrt.dll
0x00007ffe6a660000 - 0x00007ffe6a983000 	C:\Windows\System32\combase.dll
0x00007ffe69080000 - 0x00007ffe691a4000 	C:\Windows\System32\RPCRT4.dll
0x00007ffe67d30000 - 0x00007ffe67daa000 	C:\Windows\System32\bcryptPrimitives.dll
0x00007ffe67ff0000 - 0x00007ffe6801d000 	C:\Windows\System32\IMM32.DLL
0x00007ffe66d60000 - 0x00007ffe66dce000 	C:\Windows\System32\dtrampo.dll
0x00007ffe68e10000 - 0x00007ffe68eb1000 	C:\Windows\System32\ADVAPI32.dll
0x00007ffe68020000 - 0x00007ffe6807b000 	C:\Windows\System32\sechost.dll
0x00007ffe59f00000 - 0x00007ffe59faa000 	D:\Environments\jdk-12\bin\msvcp140.dll
0x00007ffe38330000 - 0x00007ffe38ea4000 	D:\Environments\jdk-12\bin\server\jvm.dll
0x00007ffe6aa80000 - 0x00007ffe6aa88000 	C:\Windows\System32\PSAPI.DLL
0x00007ffe60d80000 - 0x00007ffe60d89000 	C:\Windows\SYSTEM32\WSOCK32.dll
0x00007ffe69010000 - 0x00007ffe6907c000 	C:\Windows\System32\WS2_32.dll
0x00007ffe64ce0000 - 0x00007ffe64d03000 	C:\Windows\SYSTEM32\WINMM.dll
0x00007ffe59b10000 - 0x00007ffe59b1a000 	C:\Windows\SYSTEM32\VERSION.dll
0x00007ffe64cb0000 - 0x00007ffe64cda000 	C:\Windows\SYSTEM32\WINMMBASE.dll
0x00007ffe66fe0000 - 0x00007ffe67029000 	C:\Windows\System32\cfgmgr32.dll
0x00007ffe66e20000 - 0x00007ffe66e31000 	C:\Windows\System32\kernel.appcore.dll
0x00007ffe61120000 - 0x00007ffe61131000 	D:\Environments\jdk-12\bin\verify.dll
0x00007ffe5b670000 - 0x00007ffe5b839000 	C:\Windows\SYSTEM32\DBGHELP.DLL
0x00007ffe5a7c0000 - 0x00007ffe5a7e9000 	C:\Windows\SYSTEM32\dbgcore.DLL
0x00007ffe5c830000 - 0x00007ffe5c856000 	D:\Environments\jdk-12\bin\java.dll
0x00007ffe62500000 - 0x00007ffe6250e000 	D:\Environments\jdk-12\bin\instrument.dll
0x00007ffe5c520000 - 0x00007ffe5c537000 	D:\Environments\jdk-12\bin\zip.dll
0x00007ffe620c0000 - 0x00007ffe620ca000 	D:\Environments\jdk-12\bin\jimage.dll
0x00007ffe69210000 - 0x00007ffe6a650000 	C:\Windows\System32\SHELL32.dll
0x00007ffe68220000 - 0x00007ffe682c9000 	C:\Windows\System32\shcore.dll
0x000002a5ff7a0000 - 0x000002a5ffead000 	C:\Windows\System32\windows.storage.dll
0x00007ffe691b0000 - 0x00007ffe69201000 	C:\Windows\System32\shlwapi.dll
0x00007ffe66e00000 - 0x00007ffe66e1f000 	C:\Windows\System32\profapi.dll
0x00007ffe66e40000 - 0x00007ffe66e8c000 	C:\Windows\System32\powrprof.dll
0x00007ffe66df0000 - 0x00007ffe66dfa000 	C:\Windows\System32\FLTLIB.DLL
0x00007ffe5b000000 - 0x00007ffe5b019000 	D:\Environments\jdk-12\bin\net.dll
0x00007ffe603b0000 - 0x00007ffe6048d000 	C:\Windows\SYSTEM32\WINHTTP.dll
0x00007ffe5dee0000 - 0x00007ffe5e0ac000 	C:\Windows\SYSTEM32\urlmon.dll
0x00007ffe5e3b0000 - 0x00007ffe5e652000 	C:\Windows\SYSTEM32\iertutil.dll
0x00007ffe66750000 - 0x00007ffe6675b000 	C:\Windows\SYSTEM32\CRYPTBASE.DLL
0x00007ffe66580000 - 0x00007ffe665e6000 	C:\Windows\system32\mswsock.dll
0x00007ffe5af60000 - 0x00007ffe5af73000 	D:\Environments\jdk-12\bin\nio.dll
0x00007ffe5af40000 - 0x00007ffe5af5a000 	D:\applications\ideaIU-2018.3.6.win\bin\breakgen64.dll
0x00007ffe66730000 - 0x00007ffe66747000 	C:\Windows\SYSTEM32\CRYPTSP.dll
0x00007ffe66160000 - 0x00007ffe66193000 	C:\Windows\system32\rsaenh.dll
0x00007ffe66860000 - 0x00007ffe66885000 	C:\Windows\SYSTEM32\bcrypt.dll
0x00007ffe66c90000 - 0x00007ffe66cb8000 	C:\Windows\SYSTEM32\USERENV.dll
0x00007ffe66300000 - 0x00007ffe66338000 	C:\Windows\SYSTEM32\IPHLPAPI.DLL
0x000002a5ffeb0000 - 0x000002a5ffeb8000 	C:\Windows\System32\NSI.dll
0x00007ffe60340000 - 0x00007ffe60356000 	C:\Windows\SYSTEM32\dhcpcsvc6.DLL
0x00007ffe60320000 - 0x00007ffe6033a000 	C:\Windows\SYSTEM32\dhcpcsvc.DLL
0x00007ffe61210000 - 0x00007ffe6121a000 	C:\Users\Administrator\AppData\Local\Temp\jansi-1.17.1-13385586854147672174.dll
0x00007ffe60230000 - 0x00007ffe6023a000 	C:\Users\Administrator\AppData\Local\Temp\jansi-1.17.1-14591101185517324827.dll
0x00007ffe5c820000 - 0x00007ffe5c829000 	D:\Environments\jdk-12\bin\management.dll
0x00007ffe5c7f0000 - 0x00007ffe5c7fc000 	D:\Environments\jdk-12\bin\management_ext.dll

dbghelp: loaded successfully - version: 4.0.5 - missing functions: none
symbol engine: initialized successfully - sym options: 0x614 - pdb path: .;D:\Environments\jdk-12\bin;C:\Windows\SYSTEM32;C:\Windows\WinSxS\amd64_microsoft.windows.common-controls_6595b64144ccf1df_6.0.17133.1_none_e4d992df105abfa4;D:\Environments\jdk-12\bin\server;D:\applications\ideaIU-2018.3.6.win\bin;C:\Users\Administrator\AppData\Local\Temp

VM Arguments:
jvm_args: -Dmaven.multiModuleProjectDirectory=D:\IdeaProjects\web\servlet -Dmaven.home=D:\applications\apache-maven-3.6.0 -Dclassworlds.conf=D:\applications\apache-maven-3.6.0\bin\m2.conf -javaagent:D:\applications\ideaIU-2018.3.6.win\lib\idea_rt.jar=49334:D:\applications\ideaIU-2018.3.6.win\bin -Dfile.encoding=UTF-8 
java_command: org.codehaus.classworlds.Launcher -Didea.version=2018.3.6 -s D:\applications\apache-maven-3.6.0\conf\settings.xml org.eclipse.jetty:jetty-maven-plugin:9.4.15.v20190215:run
java_class_path (initial): D:\applications\apache-maven-3.6.0\boot\plexus-classworlds-2.5.2.jar
Launcher Type: SUN_STANDARD

[Global flags]
     intx CICompilerCount                          = 2                                         {product} {ergonomic}
     uint ConcGCThreads                            = 1                                         {product} {ergonomic}
     uint G1ConcRefinementThreads                  = 2                                         {product} {ergonomic}
   size_t G1HeapRegionSize                         = 1048576                                   {product} {ergonomic}
    uintx GCDrainStackTargetSize                   = 64                                        {product} {ergonomic}
   size_t InitialHeapSize                          = 134217728                                 {product} {ergonomic}
   size_t MarkStackSize                            = 4194304                                   {product} {ergonomic}
   size_t MaxHeapSize                              = 2143289344                                {product} {ergonomic}
   size_t MaxNewSize                               = 1285554176                                {product} {ergonomic}
   size_t MinHeapDeltaBytes                        = 1048576                                   {product} {ergonomic}
    uintx NonNMethodCodeHeapSize                   = 5825164                                {pd product} {ergonomic}
    uintx NonProfiledCodeHeapSize                  = 122916538                              {pd product} {ergonomic}
    uintx ProfiledCodeHeapSize                     = 122916538                              {pd product} {ergonomic}
    uintx ReservedCodeCacheSize                    = 251658240                              {pd product} {ergonomic}
     bool SegmentedCodeCache                       = true                                      {product} {ergonomic}
     bool UseCompressedClassPointers               = true                                 {lp64_product} {ergonomic}
     bool UseCompressedOops                        = true                                 {lp64_product} {ergonomic}
     bool UseG1GC                                  = true                                      {product} {ergonomic}
     bool UseLargePagesIndividualAllocation        = false                                  {pd product} {ergonomic}

Logging:
Log output configuration:
 #0: stdout all=warning uptime,level,tags
 #1: stderr all=off uptime,level,tags

Environment Variables:
JAVA_HOME=D:\Environments\jdk-12
CLASSPATH=.;D:\applications\apache-tomcat-9.0.20\lib\servlet-api.jar
PATH=D:\Environments\jdk-12\bin;D:\applications\apache-tomcat-9.0.20\bin;D:\databases\oracle\product\11.2.0\dbhome_1\bin;D:\databases\mysql-8.0.15-winx64\bin;D:\Environments\MinGW-w64\bin;C:\Program Files (x86)\Parallels\Parallels Tools\Applications;C:\Windows\system32;C:\Windows;C:\Windows\System32\Wbem;C:\Windows\System32\WindowsPowerShell\v1.0\;C:\Windows\System32\OpenSSH\;C:\Users\Administrator\AppData\Local\Microsoft\WindowsApps;\;C:\Users\Administrator\AppData\Local\Microsoft\WindowsApps;
USERNAME=Administrator
OS=Windows_NT
PROCESSOR_IDENTIFIER=Intel64 Family 6 Model 61 Stepping 4, GenuineIntel



---------------  S Y S T E M  ---------------

OS: Windows 10 , 64 bit Build 17133 (10.0.17133.1)

CPU:total 2 (initial active 2) (2 cores per cpu, 1 threads per core) family 6 model 61 stepping 4, cmov, cx8, fxsr, mmx, sse, sse2, sse3, ssse3, sse4.1, sse4.2, popcnt, avx, avx2, aes, clmul, erms, 3dnowpref, lzcnt, tsc, bmi1, bmi2, adx, fma

Memory: 4k page, system-wide physical 8169M (2971M free)
TotalPageFile size 8169M (AvailPageFile size 186M)
current process WorkingSet (physical memory assigned to process): 413M, peak: 418M
current process commit charge ("private bytes"): 441M, peak: 698M

vm_info: OpenJDK 64-Bit Server VM (12+33) for windows-amd64 JRE (12+33), built on Feb 21 2019 02:28:07 by "mach5one" with MS VC++ 15.5 (VS2017)

END.
